Flow report for ass
Wed Nov 14 00:58:30 2018
Quartus II Version 8.0 Build 215 05/29/2008 SJ Full Version


---------------------
; Table of Contents ;
---------------------
  1. Legal Notice
  2. Flow Summary
  3. Flow Settings
  4. Flow Non-Default Global Settings
  5. Flow Elapsed Time
  6. Flow Log



----------------
; Legal Notice ;
----------------
Copyright (C) 1991-2008 Altera Corporation
Your use of Altera Corporation's design tools, logic functions 
and other software and tools, and its AMPP partner logic 
functions, and any output files from any of the foregoing 
(including device programming or simulation files), and any 
associated documentation or information are expressly subject 
to the terms and conditions of the Altera Program License 
Subscription Agreement, Altera MegaCore Function License 
Agreement, or other applicable license agreement, including, 
without limitation, that your use is for the sole purpose of 
programming logic devices manufactured by Altera and sold by 
Altera or its authorized distributors.  Please refer to the 
applicable agreement for further details.



+--------------------------------------------------------------------+
; Flow Summary                                                       ;
+-------------------------+------------------------------------------+
; Flow Status             ; Successful - Wed Nov 14 00:58:30 2018    ;
; Quartus II Version      ; 8.0 Build 215 05/29/2008 SJ Full Version ;
; Revision Name           ; ass                                      ;
; Top-level Entity Name   ; ass                                      ;
; Family                  ; FLEX10K                                  ;
; Device                  ; EPF10K70RC240-4                          ;
; Timing Models           ; Final                                    ;
; Met timing requirements ; Yes                                      ;
; Total logic elements    ; 59 / 3,744 ( 2 % )                       ;
; Total pins              ; 18 / 189 ( 10 % )                        ;
; Total memory bits       ; 0 / 18,432 ( 0 % )                       ;
+-------------------------+------------------------------------------+


+-----------------------------------------+
; Flow Settings                           ;
+-------------------+---------------------+
; Option            ; Setting             ;
+-------------------+---------------------+
; Start date & time ; 11/14/2018 00:58:24 ;
; Main task         ; Compilation         ;
; Revision Name     ; ass                 ;
+-------------------+---------------------+


+----------------------------------------------------------------------------------------------------------------+
; Flow Non-Default Global Settings                                                                               ;
+------------------------------------+--------------------------------+---------------+-------------+------------+
; Assignment Name                    ; Value                          ; Default Value ; Entity Name ; Section Id ;
+------------------------------------+--------------------------------+---------------+-------------+------------+
; COMPILER_SIGNATURE_ID              ; 13870911936003.154212830403508 ; --            ; --          ; --         ;
; FLEX10K_OPTIMIZATION_TECHNIQUE     ; Speed                          ; Area          ; --          ; --         ;
; MAX_CORE_JUNCTION_TEMP             ; 85                             ; --            ; --          ; --         ;
; MIN_CORE_JUNCTION_TEMP             ; 0                              ; --            ; --          ; --         ;
; USE_GENERATED_PHYSICAL_CONSTRAINTS ; Off                            ; --            ; --          ; eda_palace ;
+------------------------------------+--------------------------------+---------------+-------------+------------+


+-----------------------------------------------------------------------------------------------------------------------------+
; Flow Elapsed Time                                                                                                           ;
+-------------------------+--------------+-------------------------+---------------------+------------------------------------+
; Module Name             ; Elapsed Time ; Average Processors Used ; Peak Virtual Memory ; Total CPU Time (on all processors) ;
+-------------------------+--------------+-------------------------+---------------------+------------------------------------+
; Analysis & Synthesis    ; 00:00:02     ; 1.0                     ; 242 MB              ; 00:00:01                           ;
; Fitter                  ; 00:00:02     ; 1.0                     ; 260 MB              ; 00:00:02                           ;
; Assembler               ; 00:00:00     ; 1.0                     ; 225 MB              ; 00:00:00                           ;
; Classic Timing Analyzer ; 00:00:00     ; 1.0                     ; 200 MB              ; 00:00:00                           ;
; Total                   ; 00:00:04     ; --                      ; --                  ; 00:00:03                           ;
+-------------------------+--------------+-------------------------+---------------------+------------------------------------+


------------
; Flow Log ;
------------
quartus_map --read_settings_files=on --write_settings_files=off ass -c ass
quartus_fit --read_settings_files=off --write_settings_files=off ass -c ass
quartus_asm --read_settings_files=off --write_settings_files=off ass -c ass
quartus_tan --read_settings_files=off --write_settings_files=off ass -c ass



